<?xml version="1.0" encoding="UTF-8"?>
<!-- Generated by org.testng.reporters.JUnitXMLReporter -->
<testsuite ignored="1" hostname="LAPTOP-RH55RME4" failures="1" tests="1" name="TestOrangeHrom" time="20.045" errors="0" timestamp="2023-09-23T22:28:15 IST">
  <testcase classname="practice.BaseMethod" name="OrangeHrm" time="13.153">
    <failure type="java.lang.AssertionError" message="expected [Paul Collingss] but found [Hyder Shaik]">
      <![CDATA[java.lang.AssertionError: expected [Paul Collingss] but found [Hyder Shaik]
at practice.BaseMethod.OrangeHrm(BaseMethod.java:38)
at java.base/java.util.ArrayList.forEach(ArrayList.java:1511)
... Removed 31 stack frames]]>
    </failure>
  </testcase> <!-- OrangeHrm -->
  <testcase classname="practice.BaseMethod" name="Google" time="0.0">
    <ignored/>
  </testcase> <!-- Google -->
</testsuite> <!-- TestOrangeHrom -->
