<?xml version="1.0" encoding="UTF-8"?>
<!-- Generated by org.testng.reporters.JUnitXMLReporter -->
<testsuite ignored="1" hostname="LAPTOP-RH55RME4" failures="1" tests="1" name="TestOrangeHrm" time="21.433" errors="0" timestamp="2023-09-23T19:07:06 IST">
  <testcase classname="practice.BaseMethod" name="orangehrm" time="15.532">
    <failure type="java.lang.AssertionError" message="expected [Paul collings] but found [Paul Collings]">
      <![CDATA[java.lang.AssertionError: expected [Paul collings] but found [Paul Collings]
at practice.BaseMethod.orangehrm(BaseMethod.java:38)
at java.base/java.util.ArrayList.forEach(ArrayList.java:1511)
... Removed 31 stack frames]]>
    </failure>
  </testcase> <!-- orangehrm -->
  <testcase classname="practice.BaseMethod" name="google" time="0.0">
    <ignored/>
  </testcase> <!-- google -->
</testsuite> <!-- TestOrangeHrm -->
