<?xml version="1.0" encoding="UTF-8"?>
<!-- Generated by org.testng.reporters.JUnitXMLReporter -->
<testsuite ignored="0" hostname="LAPTOP-RH55RME4" failures="0" tests="4" name="Test1" time="0.088" errors="0" timestamp="2023-09-22T15:03:46 IST">
  <testcase classname="practice.demo4" name="test1" time="0.012"/>
  <testcase classname="practice.demo4" name="test2" time="0.004"/>
  <testcase classname="practice.demo4" name="test3" time="0.003"/>
  <testcase classname="practice.demo4" name="test4" time="0.004"/>
</testsuite> <!-- Test1 -->
