<?xml version="1.0" encoding="UTF-8"?>
<!-- Generated by org.testng.reporters.JUnitXMLReporter -->
<testsuite ignored="0" hostname="LAPTOP-RH55RME4" failures="0" tests="4" name="Test2" time="0.052" errors="0" timestamp="2023-09-22T15:03:46 IST">
  <testcase classname="practice.demo5" name="test5" time="0.003"/>
  <testcase classname="practice.demo5" name="test6" time="0.003"/>
  <testcase classname="practice.demo5" name="test7" time="0.003"/>
  <testcase classname="practice.demo5" name="test8" time="0.003"/>
</testsuite> <!-- Test2 -->
