<?xml version="1.0" encoding="UTF-8"?>
<!-- Generated by org.testng.reporters.JUnitXMLReporter -->
<testsuite ignored="2" hostname="LAPTOP-RH55RME4" failures="1" tests="1" name="Testing" time="26.164" errors="0" timestamp="2023-09-22T18:36:03 IST">
  <testcase classname="practice.BaseMethod" name="orangehrm" time="22.418">
    <failure type="java.lang.AssertionError" message="expected [ABSC badhe] but found [Paul Collings]">
      <![CDATA[java.lang.AssertionError: expected [ABSC badhe] but found [Paul Collings]
at practice.BaseMethod.orangehrm(BaseMethod.java:34)
at java.base/java.util.ArrayList.forEach(ArrayList.java:1511)
... Removed 31 stack frames]]>
    </failure>
  </testcase> <!-- orangehrm -->
  <testcase classname="practice.BaseMethod" name="google" time="0.0">
    <ignored/>
  </testcase> <!-- google -->
  <testcase classname="practice.BaseTest" name="capture" time="0.0">
    <ignored/>
  </testcase> <!-- capture -->
</testsuite> <!-- Testing -->
