<?xml version="1.0" encoding="UTF-8"?>
<!-- Generated by org.testng.reporters.JUnitXMLReporter -->
<testsuite ignored="0" hostname="LAPTOP-RH55RME4" failures="0" tests="8" name="Test" time="0.097" errors="0" timestamp="2023-09-22T15:05:28 IST">
  <testcase classname="practice.demo4" name="test1" time="0.014"/>
  <testcase classname="practice.demo4" name="test2" time="0.002"/>
  <testcase classname="practice.demo4" name="test3" time="0.002"/>
  <testcase classname="practice.demo4" name="test4" time="0.002"/>
  <testcase classname="practice.demo5" name="test5" time="0.002"/>
  <testcase classname="practice.demo5" name="test6" time="0.001"/>
  <testcase classname="practice.demo5" name="test7" time="0.001"/>
  <testcase classname="practice.demo5" name="test8" time="0.002"/>
</testsuite> <!-- Test -->
